<?xml version="1.0" encoding="UTF-8"?>
<!-- Generated by org.testng.reporters.JUnitXMLReporter -->
<testsuite ignored="0" hostname="LAPTOP-N2BE1DCI" failures="0" tests="3" name="Default test" time="84.855" errors="0" timestamp="2025-07-26T14:06:38 IST">
  <testcase classname="com.tractorjunction.tests.LeadFormTests" name="TJWA_TC_LNT_008" time="23.331"/>
  <testcase classname="com.tractorjunction.tests.LeadFormTests" name="TJWA_TC_LSU_002" time="21.087"/>
  <testcase classname="com.tractorjunction.tests.LeadFormTests" name="TJWA_TC_LSU_010" time="35.404"/>
</testsuite> <!-- Default test -->
