<?xml version="1.0" encoding="UTF-8"?>
<!-- Generated by org.testng.reporters.JUnitXMLReporter -->
<testsuite ignored="0" hostname="LAPTOP-N2BE1DCI" failures="0" tests="40" name="Default test" time="285.135" errors="0" timestamp="2025-07-26T13:17:00 IST">
  <testcase classname="com.tractorjunction.tests.SeoElementsTests" name="test01_H1Validation" time="6.247"/>
  <testcase classname="com.tractorjunction.tests.SeoElementsTests" name="test01_H1Validation" time="5.334"/>
  <testcase classname="com.tractorjunction.tests.SeoElementsTests" name="test01_H1Validation" time="4.852"/>
  <testcase classname="com.tractorjunction.tests.SeoElementsTests" name="test01_H1Validation" time="5.041"/>
  <testcase classname="com.tractorjunction.tests.SeoElementsTests" name="test01_H1Validation" time="4.738"/>
  <testcase classname="com.tractorjunction.tests.SeoElementsTests" name="test02_H2Validation" time="5.831"/>
  <testcase classname="com.tractorjunction.tests.SeoElementsTests" name="test02_H2Validation" time="6.502"/>
  <testcase classname="com.tractorjunction.tests.SeoElementsTests" name="test02_H2Validation" time="7.752"/>
  <testcase classname="com.tractorjunction.tests.SeoElementsTests" name="test02_H2Validation" time="6.5"/>
  <testcase classname="com.tractorjunction.tests.SeoElementsTests" name="test02_H2Validation" time="7.102"/>
  <testcase classname="com.tractorjunction.tests.SeoElementsTests" name="test03_H3Validation" time="6.099"/>
  <testcase classname="com.tractorjunction.tests.SeoElementsTests" name="test03_H3Validation" time="6.268"/>
  <testcase classname="com.tractorjunction.tests.SeoElementsTests" name="test03_H3Validation" time="6.478"/>
  <testcase classname="com.tractorjunction.tests.SeoElementsTests" name="test03_H3Validation" time="5.104"/>
  <testcase classname="com.tractorjunction.tests.SeoElementsTests" name="test03_H3Validation" time="6.369"/>
  <testcase classname="com.tractorjunction.tests.SeoElementsTests" name="test04_MetaTitleValidation" time="4.559"/>
  <testcase classname="com.tractorjunction.tests.SeoElementsTests" name="test04_MetaTitleValidation" time="8.569"/>
  <testcase classname="com.tractorjunction.tests.SeoElementsTests" name="test04_MetaTitleValidation" time="5.095"/>
  <testcase classname="com.tractorjunction.tests.SeoElementsTests" name="test04_MetaTitleValidation" time="5.177"/>
  <testcase classname="com.tractorjunction.tests.SeoElementsTests" name="test04_MetaTitleValidation" time="5.36"/>
  <testcase classname="com.tractorjunction.tests.SeoElementsTests" name="test05_MetaDescriptionValidation" time="4.304"/>
  <testcase classname="com.tractorjunction.tests.SeoElementsTests" name="test05_MetaDescriptionValidation" time="4.692"/>
  <testcase classname="com.tractorjunction.tests.SeoElementsTests" name="test05_MetaDescriptionValidation" time="4.853"/>
  <testcase classname="com.tractorjunction.tests.SeoElementsTests" name="test05_MetaDescriptionValidation" time="4.565"/>
  <testcase classname="com.tractorjunction.tests.SeoElementsTests" name="test05_MetaDescriptionValidation" time="4.326"/>
  <testcase classname="com.tractorjunction.tests.SeoElementsTests" name="test06_MetaKeywordsValidation" time="5.627"/>
  <testcase classname="com.tractorjunction.tests.SeoElementsTests" name="test06_MetaKeywordsValidation" time="5.877"/>
  <testcase classname="com.tractorjunction.tests.SeoElementsTests" name="test06_MetaKeywordsValidation" time="4.151"/>
  <testcase classname="com.tractorjunction.tests.SeoElementsTests" name="test06_MetaKeywordsValidation" time="7.812"/>
  <testcase classname="com.tractorjunction.tests.SeoElementsTests" name="test06_MetaKeywordsValidation" time="6.144"/>
  <testcase classname="com.tractorjunction.tests.SeoElementsTests" name="test07_BreadcrumbValidation" time="4.905"/>
  <testcase classname="com.tractorjunction.tests.SeoElementsTests" name="test07_BreadcrumbValidation" time="5.957"/>
  <testcase classname="com.tractorjunction.tests.SeoElementsTests" name="test07_BreadcrumbValidation" time="5.496"/>
  <testcase classname="com.tractorjunction.tests.SeoElementsTests" name="test07_BreadcrumbValidation" time="5.176"/>
  <testcase classname="com.tractorjunction.tests.SeoElementsTests" name="test07_BreadcrumbValidation" time="5.816"/>
  <testcase classname="com.tractorjunction.tests.SeoElementsTests" name="test08_UrlStructureValidation" time="4.952"/>
  <testcase classname="com.tractorjunction.tests.SeoElementsTests" name="test08_UrlStructureValidation" time="5.77"/>
  <testcase classname="com.tractorjunction.tests.SeoElementsTests" name="test08_UrlStructureValidation" time="5.441"/>
  <testcase classname="com.tractorjunction.tests.SeoElementsTests" name="test08_UrlStructureValidation" time="4.799"/>
  <testcase classname="com.tractorjunction.tests.SeoElementsTests" name="test08_UrlStructureValidation" time="7.019"/>
</testsuite> <!-- Default test -->
