<?xml version="1.0" encoding="UTF-8"?>
<!-- Generated by org.testng.reporters.JUnitXMLReporter -->
<testsuite ignored="0" hostname="LAPTOP-N2BE1DCI" failures="0" tests="4" name="SmokeTests" time="67.012" errors="0" timestamp="2025-07-24T22:32:13 IST">
  <testcase classname="com.tractorjunction.tests.SearchTests" name="testInvalidSearchShowsNoSuggestionsMessage" time="18.695"/>
  <testcase classname="com.tractorjunction.tests.LoginTests" name="testValidLogin" time="24.165"/>
  <testcase classname="com.tractorjunction.tests.SearchTests" name="testSearchFunctionality" time="12.396"/>
  <testcase classname="com.tractorjunction.tests.PageRedirectionTests" name="validateAllLinksOnFooter" time="37.983"/>
</testsuite> <!-- SmokeTests -->
