<?xml version="1.0" encoding="UTF-8"?>
<testng-results ignored="0" total="1" passed="1" failed="0" skipped="0">
  <reporter-output>
  </reporter-output>
  <suite started-at="2025-07-26T14:42:48 IST" name="Default suite" finished-at="2025-07-26T14:44:30 IST" duration-ms="102441">
    <groups>
    </groups>
    <test started-at="2025-07-26T14:42:48 IST" name="Default test" finished-at="2025-07-26T14:44:30 IST" duration-ms="102441">
      <class name="com.tractorjunction.tests.LeadFormTests">
        <test-method is-config="true" signature="setUp(java.lang.String,java.lang.String,java.lang.String,java.lang.String)[pri:0, instance:com.tractorjunction.tests.LeadFormTests@169bb4dd]" started-at="2025-07-26T14:42:48 IST" name="setUp" finished-at="2025-07-26T14:42:57 IST" duration-ms="8452" status="PASS">
          <params>
            <param index="0">
              <value>
                <![CDATA[chrome]]>
              </value>
            </param>
            <param index="1">
              <value>
                <![CDATA[false]]>
              </value>
            </param>
            <param index="2">
              <value>
                <![CDATA[]]>
              </value>
            </param>
            <param index="3">
              <value>
                <![CDATA[prod]]>
              </value>
            </param>
          </params>
          <reporter-output>
          </reporter-output>
        </test-method> <!-- setUp -->
        <test-method signature="TJWA_TC_LSU_010()[pri:0, instance:com.tractorjunction.tests.LeadFormTests@169bb4dd]" started-at="2025-07-26T14:42:57 IST" name="TJWA_TC_LSU_010" finished-at="2025-07-26T14:43:57 IST" duration-ms="60383" status="PASS">
          <reporter-output>
          </reporter-output>
        </test-method> <!-- TJWA_TC_LSU_010 -->
        <test-method is-config="true" signature="tearDown()[pri:0, instance:com.tractorjunction.tests.LeadFormTests@169bb4dd]" started-at="2025-07-26T14:43:57 IST" name="tearDown" finished-at="2025-07-26T14:44:30 IST" duration-ms="33256" status="PASS">
          <reporter-output>
          </reporter-output>
        </test-method> <!-- tearDown -->
      </class> <!-- com.tractorjunction.tests.LeadFormTests -->
    </test> <!-- Default test -->
  </suite> <!-- Default suite -->
</testng-results>
